0 verbose cli /usr/local/bin/node /usr/local/lib/node_modules/npm/bin/npm-cli.js
1 info using npm@10.9.2
2 info using node@v22.16.0
3 silly config load:file:/usr/local/lib/node_modules/npm/npmrc
4 silly config load:file:/Users/yash/Desktop/Anshu VibecodeProject/perfume-shop/frontend/.npmrc
5 silly config load:file:/Users/yash/.npmrc
6 silly config load:file:/usr/local/etc/npmrc
7 verbose title npm exec create-vite@latest ./ --template react-ts
8 verbose argv "exec" "--yes" "--" "create-vite@latest" "./" "--template" "react-ts"
9 verbose logfile logs-max:10 dir:/Users/yash/Desktop/Anshu VibecodeProject/perfume-shop/.npm_cache/_logs/2026-04-14T04_00_42_486Z-
10 verbose logfile /Users/yash/Desktop/Anshu VibecodeProject/perfume-shop/.npm_cache/_logs/2026-04-14T04_00_42_486Z-debug-0.log
11 silly logfile done cleaning log files
12 silly packumentCache heap:4345298944 maxSize:1086324736 maxEntrySize:543162368
13 http fetch GET 200 https://registry.npmjs.org/create-vite 66ms (cache miss)
14 silly packumentCache heap:4345298944 maxSize:1086324736 maxEntrySize:543162368
15 silly packumentCache heap:4345298944 maxSize:1086324736 maxEntrySize:543162368
16 silly idealTree buildDeps
17 silly fetch manifest create-vite@9.0.4
18 silly packumentCache full:https://registry.npmjs.org/create-vite cache-miss
19 http fetch GET 200 https://registry.npmjs.org/create-vite 39ms (cache miss)
20 silly packumentCache full:https://registry.npmjs.org/create-vite set size:undefined disposed:false
21 silly placeDep ROOT create-vite@9.0.4 OK for:  want: 9.0.4
22 silly reify moves {}
23 silly audit bulk request { 'create-vite': [ '9.0.4' ] }
24 http cache create-vite@https://registry.npmjs.org/create-vite/-/create-vite-9.0.4.tgz 0ms (cache hit)
25 silly tarball no local data for create-vite@https://registry.npmjs.org/create-vite/-/create-vite-9.0.4.tgz. Extracting by manifest.
26 http fetch GET 200 https://registry.npmjs.org/create-vite/-/create-vite-9.0.4.tgz 154ms (cache miss)
27 http fetch POST 200 https://registry.npmjs.org/-/npm/v1/security/advisories/bulk 275ms
28 silly audit report {}
