0 verbose cli /usr/local/bin/node /usr/local/bin/npm
1 info using npm@10.9.2
2 info using node@v22.16.0
3 silly config load:file:/usr/local/lib/node_modules/npm/npmrc
4 silly config load:file:/Users/yash/Desktop/Anshu VibecodeProject/perfume-shop/frontend/.npmrc
5 silly config load:file:/Users/yash/.npmrc
6 silly config load:file:/usr/local/etc/npmrc
7 verbose title npm list lucide-react
8 verbose argv "list" "lucide-react"
9 verbose logfile logs-max:10 dir:/Users/yash/Desktop/Anshu VibecodeProject/perfume-shop/.npm_cache/_logs/2026-04-14T04_30_33_969Z-
10 verbose logfile /Users/yash/Desktop/Anshu VibecodeProject/perfume-shop/.npm_cache/_logs/2026-04-14T04_30_33_969Z-debug-0.log
11 silly logfile done cleaning log files
12 silly packumentCache heap:4345298944 maxSize:1086324736 maxEntrySize:543162368
13 verbose shrinkwrap failed to load node_modules/.package-lock.json out of date, updated: node_modules
14 verbose cwd /Users/yash/Desktop/Anshu VibecodeProject/perfume-shop/frontend
15 verbose os Darwin 25.3.0
16 verbose node v22.16.0
17 verbose npm  v10.9.2
18 verbose exit 0
19 info ok
