0 verbose cli /usr/local/bin/node /usr/local/bin/npm
1 info using npm@10.9.2
2 info using node@v22.16.0
3 silly config load:file:/usr/local/lib/node_modules/npm/npmrc
4 silly config load:file:/Users/yash/Desktop/Anshu VibecodeProject/perfume-shop/frontend/.npmrc
5 silly config load:file:/Users/yash/.npmrc
6 silly config load:file:/usr/local/etc/npmrc
7 verbose title npm install axios lucide-react react-router-dom react-hot-toast yet-another-react-lightbox
8 verbose argv "install" "axios" "lucide-react" "react-router-dom" "react-hot-toast" "yet-another-react-lightbox"
9 verbose logfile logs-max:10 dir:/Users/yash/Desktop/Anshu VibecodeProject/perfume-shop/.npm_cache/_logs/2026-04-14T04_03_07_557Z-
10 verbose logfile /Users/yash/Desktop/Anshu VibecodeProject/perfume-shop/.npm_cache/_logs/2026-04-14T04_03_07_557Z-debug-0.log
11 silly logfile done cleaning log files
12 silly packumentCache heap:4345298944 maxSize:1086324736 maxEntrySize:543162368
13 silly idealTree buildDeps
14 silly fetch manifest axios@*
15 silly packumentCache full:https://registry.npmjs.org/axios cache-miss
16 verbose shrinkwrap failed to load node_modules/.package-lock.json out of date, updated: node_modules
17 http fetch GET 200 https://registry.npmjs.org/axios 82ms (cache miss)
18 silly packumentCache full:https://registry.npmjs.org/axios set size:undefined disposed:false
19 silly fetch manifest lucide-react@*
20 silly packumentCache full:https://registry.npmjs.org/lucide-react cache-miss
21 http fetch GET 200 https://registry.npmjs.org/lucide-react 52ms (cache miss)
22 silly packumentCache full:https://registry.npmjs.org/lucide-react set size:undefined disposed:false
23 silly fetch manifest react@^19.2.4
24 silly packumentCache full:https://registry.npmjs.org/react cache-miss
25 http cache https://registry.npmjs.org/react 10ms (cache hit)
26 silly packumentCache full:https://registry.npmjs.org/react set size:6602032 disposed:false
27 silly fetch manifest react-router-dom@*
28 silly packumentCache full:https://registry.npmjs.org/react-router-dom cache-miss
29 http fetch GET 200 https://registry.npmjs.org/react-router-dom 58ms (cache miss)
30 silly packumentCache full:https://registry.npmjs.org/react-router-dom set size:undefined disposed:false
31 silly fetch manifest react-dom@^19.2.4
32 silly packumentCache full:https://registry.npmjs.org/react-dom cache-miss
33 http cache https://registry.npmjs.org/react-dom 9ms (cache hit)
34 silly packumentCache full:https://registry.npmjs.org/react-dom set size:8785426 disposed:false
35 silly fetch manifest react-hot-toast@*
36 silly packumentCache full:https://registry.npmjs.org/react-hot-toast cache-miss
37 http fetch GET 200 https://registry.npmjs.org/react-hot-toast 834ms (cache miss)
38 silly packumentCache full:https://registry.npmjs.org/react-hot-toast set size:undefined disposed:false
39 silly fetch manifest yet-another-react-lightbox@*
40 silly packumentCache full:https://registry.npmjs.org/yet-another-react-lightbox cache-miss
41 http fetch GET 200 https://registry.npmjs.org/yet-another-react-lightbox 403ms (cache miss)
42 silly packumentCache full:https://registry.npmjs.org/yet-another-react-lightbox set size:undefined disposed:false
43 silly fetch manifest @types/react@^19.2.14
44 silly packumentCache full:https://registry.npmjs.org/@types%2freact cache-miss
45 http cache https://registry.npmjs.org/@types%2freact 8ms (cache hit)
46 silly packumentCache full:https://registry.npmjs.org/@types%2freact set size:2588964 disposed:false
47 silly fetch manifest @types/react-dom@^19.2.3
48 silly packumentCache full:https://registry.npmjs.org/@types%2freact-dom cache-miss
49 http cache https://registry.npmjs.org/@types%2freact-dom 3ms (cache hit)
50 silly packumentCache full:https://registry.npmjs.org/@types%2freact-dom set size:429026 disposed:false
51 silly placeDep ROOT axios@1.15.0 OK for: frontend@0.0.0 want: *
52 silly placeDep ROOT lucide-react@1.8.0 OK for: frontend@0.0.0 want: *
53 silly placeDep ROOT react-hot-toast@2.6.0 OK for: frontend@0.0.0 want: *
54 silly placeDep ROOT react-router-dom@7.14.1 OK for: frontend@0.0.0 want: *
55 silly placeDep ROOT yet-another-react-lightbox@3.31.0 OK for: frontend@0.0.0 want: *
56 silly fetch manifest form-data@^4.0.5
57 silly packumentCache full:https://registry.npmjs.org/form-data cache-miss
58 silly fetch manifest proxy-from-env@^2.1.0
59 silly packumentCache full:https://registry.npmjs.org/proxy-from-env cache-miss
60 silly fetch manifest follow-redirects@^1.15.11
61 silly packumentCache full:https://registry.npmjs.org/follow-redirects cache-miss
62 silly fetch manifest goober@^2.1.16
63 silly packumentCache full:https://registry.npmjs.org/goober cache-miss
64 silly fetch manifest react-router@7.14.1
65 silly packumentCache full:https://registry.npmjs.org/react-router cache-miss
66 http fetch GET 200 https://registry.npmjs.org/form-data 26ms (cache miss)
67 silly packumentCache full:https://registry.npmjs.org/form-data set size:undefined disposed:false
68 http fetch GET 200 https://registry.npmjs.org/follow-redirects 49ms (cache miss)
69 silly packumentCache full:https://registry.npmjs.org/follow-redirects set size:undefined disposed:false
70 http fetch GET 200 https://registry.npmjs.org/proxy-from-env 66ms (cache miss)
71 silly packumentCache full:https://registry.npmjs.org/proxy-from-env set size:undefined disposed:false
72 http fetch GET 200 https://registry.npmjs.org/goober 603ms (cache miss)
73 silly packumentCache full:https://registry.npmjs.org/goober set size:undefined disposed:false
74 http fetch GET 200 https://registry.npmjs.org/react-router 1236ms (cache miss)
75 silly packumentCache full:https://registry.npmjs.org/react-router set size:undefined disposed:false
76 silly placeDep ROOT follow-redirects@1.16.0 OK for: axios@1.15.0 want: ^1.15.11
77 silly placeDep ROOT form-data@4.0.5 OK for: axios@1.15.0 want: ^4.0.5
78 silly placeDep ROOT proxy-from-env@2.1.0 OK for: axios@1.15.0 want: ^2.1.0
79 silly fetch manifest asynckit@^0.4.0
80 silly packumentCache full:https://registry.npmjs.org/asynckit cache-miss
81 silly fetch manifest combined-stream@^1.0.8
82 silly packumentCache full:https://registry.npmjs.org/combined-stream cache-miss
83 silly fetch manifest es-set-tostringtag@^2.1.0
84 silly packumentCache full:https://registry.npmjs.org/es-set-tostringtag cache-miss
85 silly fetch manifest hasown@^2.0.2
86 silly packumentCache full:https://registry.npmjs.org/hasown cache-miss
87 silly fetch manifest mime-types@^2.1.12
88 silly packumentCache full:https://registry.npmjs.org/mime-types cache-miss
89 http cache https://registry.npmjs.org/hasown 3ms (cache hit)
90 silly packumentCache full:https://registry.npmjs.org/hasown set size:12476 disposed:false
91 http cache https://registry.npmjs.org/mime-types 3ms (cache hit)
92 silly packumentCache full:https://registry.npmjs.org/mime-types set size:139110 disposed:false
93 http fetch GET 200 https://registry.npmjs.org/asynckit 20ms (cache miss)
94 silly packumentCache full:https://registry.npmjs.org/asynckit set size:undefined disposed:false
95 http fetch GET 200 https://registry.npmjs.org/combined-stream 23ms (cache miss)
96 silly packumentCache full:https://registry.npmjs.org/combined-stream set size:undefined disposed:false
97 http fetch GET 200 https://registry.npmjs.org/es-set-tostringtag 27ms (cache miss)
98 silly packumentCache full:https://registry.npmjs.org/es-set-tostringtag set size:undefined disposed:false
99 silly placeDep ROOT asynckit@0.4.0 OK for: form-data@4.0.5 want: ^0.4.0
100 silly placeDep ROOT combined-stream@1.0.8 OK for: form-data@4.0.5 want: ^1.0.8
101 silly placeDep ROOT es-set-tostringtag@2.1.0 OK for: form-data@4.0.5 want: ^2.1.0
102 silly placeDep ROOT hasown@2.0.2 OK for: form-data@4.0.5 want: ^2.0.2
103 silly placeDep ROOT mime-types@2.1.35 OK for: form-data@4.0.5 want: ^2.1.12
104 silly fetch manifest delayed-stream@~1.0.0
105 silly packumentCache full:https://registry.npmjs.org/delayed-stream cache-miss
106 silly fetch manifest es-errors@^1.3.0
107 silly packumentCache full:https://registry.npmjs.org/es-errors cache-miss
108 silly fetch manifest get-intrinsic@^1.2.6
109 silly packumentCache full:https://registry.npmjs.org/get-intrinsic cache-miss
110 silly fetch manifest has-tostringtag@^1.0.2
111 silly packumentCache full:https://registry.npmjs.org/has-tostringtag cache-miss
112 silly fetch manifest function-bind@^1.1.2
113 silly packumentCache full:https://registry.npmjs.org/function-bind cache-miss
114 silly fetch manifest mime-db@1.52.0
115 silly packumentCache full:https://registry.npmjs.org/mime-db cache-miss
116 http cache https://registry.npmjs.org/get-intrinsic 3ms (cache hit)
117 silly packumentCache full:https://registry.npmjs.org/get-intrinsic set size:60985 disposed:false
118 http cache https://registry.npmjs.org/es-errors 3ms (cache hit)
119 silly packumentCache full:https://registry.npmjs.org/es-errors set size:16918 disposed:false
120 http cache https://registry.npmjs.org/function-bind 4ms (cache hit)
121 silly packumentCache full:https://registry.npmjs.org/function-bind set size:15733 disposed:false
122 http cache https://registry.npmjs.org/mime-db 4ms (cache hit)
123 silly packumentCache full:https://registry.npmjs.org/mime-db set size:164953 disposed:false
124 http fetch GET 200 https://registry.npmjs.org/has-tostringtag 23ms (cache miss)
125 silly packumentCache full:https://registry.npmjs.org/has-tostringtag set size:undefined disposed:false
126 http fetch GET 200 https://registry.npmjs.org/delayed-stream 26ms (cache miss)
127 silly packumentCache full:https://registry.npmjs.org/delayed-stream set size:undefined disposed:false
128 silly placeDep ROOT delayed-stream@1.0.0 OK for: combined-stream@1.0.8 want: ~1.0.0
129 silly placeDep ROOT es-errors@1.3.0 OK for: es-set-tostringtag@2.1.0 want: ^1.3.0
130 silly placeDep ROOT get-intrinsic@1.3.0 OK for: es-set-tostringtag@2.1.0 want: ^1.2.6
131 silly placeDep ROOT has-tostringtag@1.0.2 OK for: es-set-tostringtag@2.1.0 want: ^1.0.2
132 silly fetch manifest gopd@^1.2.0
133 silly packumentCache full:https://registry.npmjs.org/gopd cache-miss
134 silly fetch manifest get-proto@^1.0.1
135 silly packumentCache full:https://registry.npmjs.org/get-proto cache-miss
136 silly fetch manifest has-symbols@^1.1.0
137 silly packumentCache full:https://registry.npmjs.org/has-symbols cache-miss
138 silly fetch manifest es-object-atoms@^1.1.1
139 silly packumentCache full:https://registry.npmjs.org/es-object-atoms cache-miss
140 silly fetch manifest math-intrinsics@^1.1.0
141 silly packumentCache full:https://registry.npmjs.org/math-intrinsics cache-miss
142 silly fetch manifest es-define-property@^1.0.1
143 silly packumentCache full:https://registry.npmjs.org/es-define-property cache-miss
144 silly fetch manifest call-bind-apply-helpers@^1.0.2
145 silly packumentCache full:https://registry.npmjs.org/call-bind-apply-helpers cache-miss
146 silly fetch manifest has-symbols@^1.0.3
147 silly packumentCache full:https://registry.npmjs.org/has-symbols cache-miss
148 http cache https://registry.npmjs.org/es-object-atoms 2ms (cache hit)
149 silly packumentCache full:https://registry.npmjs.org/es-object-atoms set size:15304 disposed:false
150 http cache https://registry.npmjs.org/has-symbols 3ms (cache hit)
151 silly packumentCache full:https://registry.npmjs.org/has-symbols set size:21550 disposed:false
152 http cache https://registry.npmjs.org/has-symbols 2ms (cache hit)
153 silly packumentCache full:https://registry.npmjs.org/has-symbols set size:21550 disposed:false
154 silly packumentCache full:https://registry.npmjs.org/has-symbols dispose
155 http cache https://registry.npmjs.org/get-proto 3ms (cache hit)
156 silly packumentCache full:https://registry.npmjs.org/get-proto set size:8300 disposed:false
157 http cache https://registry.npmjs.org/call-bind-apply-helpers 2ms (cache hit)
158 silly packumentCache full:https://registry.npmjs.org/call-bind-apply-helpers set size:12744 disposed:false
159 http cache https://registry.npmjs.org/math-intrinsics 4ms (cache hit)
160 silly packumentCache full:https://registry.npmjs.org/math-intrinsics set size:9265 disposed:false
161 http cache https://registry.npmjs.org/gopd 4ms (cache hit)
162 silly packumentCache full:https://registry.npmjs.org/gopd set size:11458 disposed:false
163 http cache https://registry.npmjs.org/es-define-property 3ms (cache hit)
164 silly packumentCache full:https://registry.npmjs.org/es-define-property set size:8542 disposed:false
165 silly placeDep ROOT call-bind-apply-helpers@1.0.2 OK for: get-intrinsic@1.3.0 want: ^1.0.2
166 silly placeDep ROOT es-define-property@1.0.1 OK for: get-intrinsic@1.3.0 want: ^1.0.1
167 silly placeDep ROOT es-object-atoms@1.1.1 OK for: get-intrinsic@1.3.0 want: ^1.1.1
168 silly placeDep ROOT function-bind@1.1.2 OK for: get-intrinsic@1.3.0 want: ^1.1.2
169 silly placeDep ROOT get-proto@1.0.1 OK for: get-intrinsic@1.3.0 want: ^1.0.1
170 silly placeDep ROOT gopd@1.2.0 OK for: get-intrinsic@1.3.0 want: ^1.2.0
171 silly placeDep ROOT has-symbols@1.1.0 OK for: get-intrinsic@1.3.0 want: ^1.1.0
172 silly placeDep ROOT math-intrinsics@1.1.0 OK for: get-intrinsic@1.3.0 want: ^1.1.0
173 silly fetch manifest dunder-proto@^1.0.1
174 silly packumentCache full:https://registry.npmjs.org/dunder-proto cache-miss
175 http cache https://registry.npmjs.org/dunder-proto 0ms (cache hit)
176 silly packumentCache full:https://registry.npmjs.org/dunder-proto set size:8256 disposed:false
177 silly placeDep ROOT dunder-proto@1.0.1 OK for: get-proto@1.0.1 want: ^1.0.1
178 silly placeDep ROOT mime-db@1.52.0 OK for: mime-types@2.1.35 want: 1.52.0
179 silly fetch manifest csstype@^3.1.3
180 silly packumentCache full:https://registry.npmjs.org/csstype cache-miss
181 http cache https://registry.npmjs.org/csstype 2ms (cache hit)
182 silly packumentCache full:https://registry.npmjs.org/csstype set size:274189 disposed:false
183 silly placeDep ROOT goober@2.1.18 OK for: react-hot-toast@2.6.0 want: ^2.1.16
184 silly fetch manifest react@>=18
185 silly packumentCache full:https://registry.npmjs.org/react cache-miss
186 http cache https://registry.npmjs.org/react 4ms (cache hit)
187 silly packumentCache full:https://registry.npmjs.org/react set size:6602032 disposed:false
188 silly fetch manifest react-dom@>=18
189 silly packumentCache full:https://registry.npmjs.org/react-dom cache-miss
190 http cache https://registry.npmjs.org/react-dom 9ms (cache hit)
191 silly packumentCache full:https://registry.npmjs.org/react-dom set size:8785426 disposed:false
192 silly placeDep ROOT react-router@7.14.1 OK for: react-router-dom@7.14.1 want: 7.14.1
193 silly fetch manifest cookie@^1.0.1
194 silly packumentCache full:https://registry.npmjs.org/cookie cache-miss
195 silly fetch manifest set-cookie-parser@^2.6.0
196 silly packumentCache full:https://registry.npmjs.org/set-cookie-parser cache-miss
197 http cache https://registry.npmjs.org/cookie 7ms (cache hit)
198 silly packumentCache full:https://registry.npmjs.org/cookie set size:72891 disposed:false
199 http fetch GET 200 https://registry.npmjs.org/set-cookie-parser 27ms (cache miss)
200 silly packumentCache full:https://registry.npmjs.org/set-cookie-parser set size:undefined disposed:false
201 silly placeDep ROOT cookie@1.1.1 OK for: react-router@7.14.1 want: ^1.0.1
202 silly placeDep ROOT set-cookie-parser@2.7.2 OK for: react-router@7.14.1 want: ^2.6.0
203 silly reify moves {}
204 silly audit bulk request {
204 silly audit   '@babel/code-frame': [ '7.29.0' ],
204 silly audit   '@babel/compat-data': [ '7.29.0' ],
204 silly audit   '@babel/core': [ '7.29.0' ],
204 silly audit   '@babel/generator': [ '7.29.1' ],
204 silly audit   '@babel/helper-compilation-targets': [ '7.28.6' ],
204 silly audit   '@babel/helper-globals': [ '7.28.0' ],
204 silly audit   '@babel/helper-module-imports': [ '7.28.6' ],
204 silly audit   '@babel/helper-module-transforms': [ '7.28.6' ],
204 silly audit   '@babel/helper-string-parser': [ '7.27.1' ],
204 silly audit   '@babel/helper-validator-identifier': [ '7.28.5' ],
204 silly audit   '@babel/helper-validator-option': [ '7.27.1' ],
204 silly audit   '@babel/helpers': [ '7.29.2' ],
204 silly audit   '@babel/parser': [ '7.29.2' ],
204 silly audit   '@babel/template': [ '7.28.6' ],
204 silly audit   '@babel/traverse': [ '7.29.0' ],
204 silly audit   '@babel/types': [ '7.29.0' ],
204 silly audit   '@emnapi/core': [ '1.9.2' ],
204 silly audit   '@emnapi/runtime': [ '1.9.2' ],
204 silly audit   '@emnapi/wasi-threads': [ '1.2.1' ],
204 silly audit   '@eslint-community/eslint-utils': [ '4.9.1' ],
204 silly audit   'eslint-visitor-keys': [ '3.4.3', '5.0.1', '4.2.1' ],
204 silly audit   '@eslint-community/regexpp': [ '4.12.2' ],
204 silly audit   '@eslint/config-array': [ '0.21.2' ],
204 silly audit   '@eslint/config-helpers': [ '0.4.2' ],
204 silly audit   '@eslint/core': [ '0.17.0' ],
204 silly audit   '@eslint/eslintrc': [ '3.3.5' ],
204 silly audit   globals: [ '14.0.0', '17.5.0' ],
204 silly audit   '@eslint/js': [ '9.39.4' ],
204 silly audit   '@eslint/object-schema': [ '2.1.7' ],
204 silly audit   '@eslint/plugin-kit': [ '0.4.1' ],
204 silly audit   '@humanfs/core': [ '0.19.1' ],
204 silly audit   '@humanfs/node': [ '0.16.7' ],
204 silly audit   '@humanwhocodes/module-importer': [ '1.0.1' ],
204 silly audit   '@humanwhocodes/retry': [ '0.4.3' ],
204 silly audit   '@jridgewell/gen-mapping': [ '0.3.13' ],
204 silly audit   '@jridgewell/remapping': [ '2.3.5' ],
204 silly audit   '@jridgewell/resolve-uri': [ '3.1.2' ],
204 silly audit   '@jridgewell/sourcemap-codec': [ '1.5.5' ],
204 silly audit   '@jridgewell/trace-mapping': [ '0.3.31' ],
204 silly audit   '@napi-rs/wasm-runtime': [ '1.1.3' ],
204 silly audit   '@oxc-project/types': [ '0.124.0' ],
204 silly audit   '@rolldown/binding-android-arm64': [ '1.0.0-rc.15' ],
204 silly audit   '@rolldown/binding-darwin-arm64': [ '1.0.0-rc.15' ],
204 silly audit   '@rolldown/binding-darwin-x64': [ '1.0.0-rc.15' ],
204 silly audit   '@rolldown/binding-freebsd-x64': [ '1.0.0-rc.15' ],
204 silly audit   '@rolldown/binding-linux-arm-gnueabihf': [ '1.0.0-rc.15' ],
204 silly audit   '@rolldown/binding-linux-arm64-gnu': [ '1.0.0-rc.15' ],
204 silly audit   '@rolldown/binding-linux-arm64-musl': [ '1.0.0-rc.15' ],
204 silly audit   '@rolldown/binding-linux-ppc64-gnu': [ '1.0.0-rc.15' ],
204 silly audit   '@rolldown/binding-linux-s390x-gnu': [ '1.0.0-rc.15' ],
204 silly audit   '@rolldown/binding-linux-x64-gnu': [ '1.0.0-rc.15' ],
204 silly audit   '@rolldown/binding-linux-x64-musl': [ '1.0.0-rc.15' ],
204 silly audit   '@rolldown/binding-openharmony-arm64': [ '1.0.0-rc.15' ],
204 silly audit   '@rolldown/binding-wasm32-wasi': [ '1.0.0-rc.15' ],
204 silly audit   '@rolldown/binding-win32-arm64-msvc': [ '1.0.0-rc.15' ],
204 silly audit   '@rolldown/binding-win32-x64-msvc': [ '1.0.0-rc.15' ],
204 silly audit   '@rolldown/pluginutils': [ '1.0.0-rc.7', '1.0.0-rc.15' ],
204 silly audit   '@tybys/wasm-util': [ '0.10.1' ],
204 silly audit   '@types/estree': [ '1.0.8' ],
204 silly audit   '@types/json-schema': [ '7.0.15' ],
204 silly audit   '@types/node': [ '24.12.2' ],
204 silly audit   '@types/react': [ '19.2.14' ],
204 silly audit   '@types/react-dom': [ '19.2.3' ],
204 silly audit   '@typescript-eslint/eslint-plugin': [ '8.58.2' ],
204 silly audit   ignore: [ '7.0.5', '5.3.2' ],
204 silly audit   '@typescript-eslint/parser': [ '8.58.2' ],
204 silly audit   '@typescript-eslint/project-service': [ '8.58.2' ],
204 silly audit   '@typescript-eslint/scope-manager': [ '8.58.2' ],
204 silly audit   '@typescript-eslint/tsconfig-utils': [ '8.58.2' ],
204 silly audit   '@typescript-eslint/type-utils': [ '8.58.2' ],
204 silly audit   '@typescript-eslint/types': [ '8.58.2' ],
204 silly audit   '@typescript-eslint/typescript-estree': [ '8.58.2' ],
204 silly audit   'balanced-match': [ '4.0.4', '1.0.2' ],
204 silly audit   'brace-expansion': [ '5.0.5', '1.1.14' ],
204 silly audit   minimatch: [ '10.2.5', '3.1.5' ],
204 silly audit   semver: [ '7.7.4', '6.3.1' ],
204 silly audit   '@typescript-eslint/utils': [ '8.58.2' ],
204 silly audit   '@typescript-eslint/visitor-keys': [ '8.58.2' ],
204 silly audit   '@vitejs/plugin-react': [ '6.0.1' ],
204 silly audit   acorn: [ '8.16.0' ],
204 silly audit   'acorn-jsx': [ '5.3.2' ],
204 silly audit   ajv: [ '6.14.0' ],
204 silly audit   'ansi-styles': [ '4.3.0' ],
204 silly audit   argparse: [ '2.0.1' ],
204 silly audit   'baseline-browser-mapping': [ '2.10.18' ],
204 silly audit   browserslist: [ '4.28.2' ],
204 silly audit   callsites: [ '3.1.0' ],
204 silly audit   'caniuse-lite': [ '1.0.30001787' ],
204 silly audit   chalk: [ '4.1.2' ],
204 silly audit   'color-convert': [ '2.0.1' ],
204 silly audit   'color-name': [ '1.1.4' ],
204 silly audit   'concat-map': [ '0.0.1' ],
204 silly audit   'convert-source-map': [ '2.0.0' ],
204 silly audit   'cross-spawn': [ '7.0.6' ],
204 silly audit   csstype: [ '3.2.3' ],
204 silly audit   debug: [ '4.4.3' ],
204 silly audit   'deep-is': [ '0.1.4' ],
204 silly audit   'detect-libc': [ '2.1.2' ],
204 silly audit   'electron-to-chromium': [ '1.5.336' ],
204 silly audit   escalade: [ '3.2.0' ],
204 silly audit   'escape-string-regexp': [ '4.0.0' ],
204 silly audit   eslint: [ '9.39.4' ],
204 silly audit   'eslint-plugin-react-hooks': [ '7.0.1' ],
204 silly audit   'eslint-plugin-react-refresh': [ '0.5.2' ],
204 silly audit   'eslint-scope': [ '8.4.0' ],
204 silly audit   espree: [ '10.4.0' ],
204 silly audit   esquery: [ '1.7.0' ],
204 silly audit   esrecurse: [ '4.3.0' ],
204 silly audit   estraverse: [ '5.3.0' ],
204 silly audit   esutils: [ '2.0.3' ],
204 silly audit   'fast-deep-equal': [ '3.1.3' ],
204 silly audit   'fast-json-stable-stringify': [ '2.1.0' ],
204 silly audit   'fast-levenshtein': [ '2.0.6' ],
204 silly audit   fdir: [ '6.5.0' ],
204 silly audit   'file-entry-cache': [ '8.0.0' ],
204 silly audit   'find-up': [ '5.0.0' ],
204 silly audit   'flat-cache': [ '4.0.1' ],
204 silly audit   flatted: [ '3.4.2' ],
204 silly audit   fsevents: [ '2.3.3' ],
204 silly audit   gensync: [ '1.0.0-beta.2' ],
204 silly audit   'glob-parent': [ '6.0.2' ],
204 silly audit   'has-flag': [ '4.0.0' ],
204 silly audit   'hermes-estree': [ '0.25.1' ],
204 silly audit   'hermes-parser': [ '0.25.1' ],
204 silly audit   'import-fresh': [ '3.3.1' ],
204 silly audit   imurmurhash: [ '0.1.4' ],
204 silly audit   'is-extglob': [ '2.1.1' ],
204 silly audit   'is-glob': [ '4.0.3' ],
204 silly audit   isexe: [ '2.0.0' ],
204 silly audit   'js-tokens': [ '4.0.0' ],
204 silly audit   'js-yaml': [ '4.1.1' ],
204 silly audit   jsesc: [ '3.1.0' ],
204 silly audit   'json-buffer': [ '3.0.1' ],
204 silly audit   'json-schema-traverse': [ '0.4.1' ],
204 silly audit   'json-stable-stringify-without-jsonify': [ '1.0.1' ],
204 silly audit   json5: [ '2.2.3' ],
204 silly audit   keyv: [ '4.5.4' ],
204 silly audit   levn: [ '0.4.1' ],
204 silly audit   lightningcss: [ '1.32.0' ],
204 silly audit   'lightningcss-android-arm64': [ '1.32.0' ],
204 silly audit   'lightningcss-darwin-arm64': [ '1.32.0' ],
204 silly audit   'lightningcss-darwin-x64': [ '1.32.0' ],
204 silly audit   'lightningcss-freebsd-x64': [ '1.32.0' ],
204 silly audit   'lightningcss-linux-arm-gnueabihf': [ '1.32.0' ],
204 silly audit   'lightningcss-linux-arm64-gnu': [ '1.32.0' ],
204 silly audit   'lightningcss-linux-arm64-musl': [ '1.32.0' ],
204 silly audit   'lightningcss-linux-x64-gnu': [ '1.32.0' ],
204 silly audit   'lightningcss-linux-x64-musl': [ '1.32.0' ],
204 silly audit   'lightningcss-win32-arm64-msvc': [ '1.32.0' ],
204 silly audit   'lightningcss-win32-x64-msvc': [ '1.32.0' ],
204 silly audit   'locate-path': [ '6.0.0' ],
204 silly audit   'lodash.merge': [ '4.6.2' ],
204 silly audit   'lru-cache': [ '5.1.1' ],
204 silly audit   ms: [ '2.1.3' ],
204 silly audit   nanoid: [ '3.3.11' ],
204 silly audit   'natural-compare': [ '1.4.0' ],
204 silly audit   'node-releases': [ '2.0.37' ],
204 silly audit   optionator: [ '0.9.4' ],
204 silly audit   'p-limit': [ '3.1.0' ],
204 silly audit   'p-locate': [ '5.0.0' ],
204 silly audit   'parent-module': [ '1.0.1' ],
204 silly audit   'path-exists': [ '4.0.0' ],
204 silly audit   'path-key': [ '3.1.1' ],
204 silly audit   picocolors: [ '1.1.1' ],
204 silly audit   picomatch: [ '4.0.4' ],
204 silly audit   postcss: [ '8.5.9' ],
204 silly audit   'prelude-ls': [ '1.2.1' ],
204 silly audit   punycode: [ '2.3.1' ],
204 silly audit   react: [ '19.2.5' ],
204 silly audit   'react-dom': [ '19.2.5' ],
204 silly audit   'resolve-from': [ '4.0.0' ],
204 silly audit   rolldown: [ '1.0.0-rc.15' ],
204 silly audit   scheduler: [ '0.27.0' ],
204 silly audit   'shebang-command': [ '2.0.0' ],
204 silly audit   'shebang-regex': [ '3.0.0' ],
204 silly audit   'source-map-js': [ '1.2.1' ],
204 silly audit   'strip-json-comments': [ '3.1.1' ],
204 silly audit   'supports-color': [ '7.2.0' ],
204 silly audit   tinyglobby: [ '0.2.16' ],
204 silly audit   'ts-api-utils': [ '2.5.0' ],
204 silly audit   tslib: [ '2.8.1' ],
204 silly audit   'type-check': [ '0.4.0' ],
204 silly audit   typescript: [ '6.0.2' ],
204 silly audit   'typescript-eslint': [ '8.58.2' ],
204 silly audit   'undici-types': [ '7.16.0' ],
204 silly audit   'update-browserslist-db': [ '1.2.3' ],
204 silly audit   'uri-js': [ '4.4.1' ],
204 silly audit   vite: [ '8.0.8' ],
204 silly audit   which: [ '2.0.2' ],
204 silly audit   'word-wrap': [ '1.2.5' ],
204 silly audit   yallist: [ '3.1.1' ],
204 silly audit   'yocto-queue': [ '0.1.0' ],
204 silly audit   zod: [ '4.3.6' ],
204 silly audit   'zod-validation-error': [ '4.0.2' ],
204 silly audit   axios: [ '1.15.0' ],
204 silly audit   'lucide-react': [ '1.8.0' ],
204 silly audit   'react-hot-toast': [ '2.6.0' ],
204 silly audit   'react-router-dom': [ '7.14.1' ],
204 silly audit   'yet-another-react-lightbox': [ '3.31.0' ],
204 silly audit   'follow-redirects': [ '1.16.0' ],
204 silly audit   'form-data': [ '4.0.5' ],
204 silly audit   'proxy-from-env': [ '2.1.0' ],
204 silly audit   asynckit: [ '0.4.0' ],
204 silly audit   'combined-stream': [ '1.0.8' ],
204 silly audit   'es-set-tostringtag': [ '2.1.0' ],
204 silly audit   hasown: [ '2.0.2' ],
204 silly audit   'mime-types': [ '2.1.35' ],
204 silly audit   'delayed-stream': [ '1.0.0' ],
204 silly audit   'es-errors': [ '1.3.0' ],
204 silly audit   'get-intrinsic': [ '1.3.0' ],
204 silly audit   'has-tostringtag': [ '1.0.2' ],
204 silly audit   'call-bind-apply-helpers': [ '1.0.2' ],
204 silly audit   'es-define-property': [ '1.0.1' ],
204 silly audit   'es-object-atoms': [ '1.1.1' ],
204 silly audit   'function-bind': [ '1.1.2' ],
204 silly audit   'get-proto': [ '1.0.1' ],
204 silly audit   gopd: [ '1.2.0' ],
204 silly audit   'has-symbols': [ '1.1.0' ],
204 silly audit   'math-intrinsics': [ '1.1.0' ],
204 silly audit   'dunder-proto': [ '1.0.1' ],
204 silly audit   'mime-db': [ '1.52.0' ],
204 silly audit   goober: [ '2.1.18' ],
204 silly audit   'react-router': [ '7.14.1' ],
204 silly audit   cookie: [ '1.1.1' ],
204 silly audit   'set-cookie-parser': [ '2.7.2' ]
204 silly audit }
205 verbose reify failed optional dependency /Users/yash/Desktop/Anshu VibecodeProject/perfume-shop/frontend/node_modules/lightningcss-win32-x64-msvc
206 silly reify mark deleted [
206 silly reify   '/Users/yash/Desktop/Anshu VibecodeProject/perfume-shop/frontend/node_modules/lightningcss-win32-x64-msvc'
206 silly reify ]
207 verbose reify failed optional dependency /Users/yash/Desktop/Anshu VibecodeProject/perfume-shop/frontend/node_modules/lightningcss-win32-arm64-msvc
208 silly reify mark deleted [
208 silly reify   '/Users/yash/Desktop/Anshu VibecodeProject/perfume-shop/frontend/node_modules/lightningcss-win32-arm64-msvc'
208 silly reify ]
209 verbose reify failed optional dependency /Users/yash/Desktop/Anshu VibecodeProject/perfume-shop/frontend/node_modules/lightningcss-linux-x64-musl
210 silly reify mark deleted [
210 silly reify   '/Users/yash/Desktop/Anshu VibecodeProject/perfume-shop/frontend/node_modules/lightningcss-linux-x64-musl'
210 silly reify ]
211 verbose reify failed optional dependency /Users/yash/Desktop/Anshu VibecodeProject/perfume-shop/frontend/node_modules/lightningcss-linux-x64-gnu
212 silly reify mark deleted [
212 silly reify   '/Users/yash/Desktop/Anshu VibecodeProject/perfume-shop/frontend/node_modules/lightningcss-linux-x64-gnu'
212 silly reify ]
213 verbose reify failed optional dependency /Users/yash/Desktop/Anshu VibecodeProject/perfume-shop/frontend/node_modules/lightningcss-linux-arm64-musl
214 silly reify mark deleted [
214 silly reify   '/Users/yash/Desktop/Anshu VibecodeProject/perfume-shop/frontend/node_modules/lightningcss-linux-arm64-musl'
214 silly reify ]
215 verbose reify failed optional dependency /Users/yash/Desktop/Anshu VibecodeProject/perfume-shop/frontend/node_modules/lightningcss-linux-arm64-gnu
216 silly reify mark deleted [
216 silly reify   '/Users/yash/Desktop/Anshu VibecodeProject/perfume-shop/frontend/node_modules/lightningcss-linux-arm64-gnu'
216 silly reify ]
217 verbose reify failed optional dependency /Users/yash/Desktop/Anshu VibecodeProject/perfume-shop/frontend/node_modules/lightningcss-linux-arm-gnueabihf
218 silly reify mark deleted [
218 silly reify   '/Users/yash/Desktop/Anshu VibecodeProject/perfume-shop/frontend/node_modules/lightningcss-linux-arm-gnueabihf'
218 silly reify ]
219 verbose reify failed optional dependency /Users/yash/Desktop/Anshu VibecodeProject/perfume-shop/frontend/node_modules/lightningcss-freebsd-x64
220 silly reify mark deleted [
220 silly reify   '/Users/yash/Desktop/Anshu VibecodeProject/perfume-shop/frontend/node_modules/lightningcss-freebsd-x64'
220 silly reify ]
221 verbose reify failed optional dependency /Users/yash/Desktop/Anshu VibecodeProject/perfume-shop/frontend/node_modules/lightningcss-darwin-x64
222 silly reify mark deleted [
222 silly reify   '/Users/yash/Desktop/Anshu VibecodeProject/perfume-shop/frontend/node_modules/lightningcss-darwin-x64'
222 silly reify ]
223 verbose reify failed optional dependency /Users/yash/Desktop/Anshu VibecodeProject/perfume-shop/frontend/node_modules/lightningcss-android-arm64
224 silly reify mark deleted [
224 silly reify   '/Users/yash/Desktop/Anshu VibecodeProject/perfume-shop/frontend/node_modules/lightningcss-android-arm64'
224 silly reify ]
225 verbose reify failed optional dependency /Users/yash/Desktop/Anshu VibecodeProject/perfume-shop/frontend/node_modules/@rolldown/binding-win32-x64-msvc
226 silly reify mark deleted [
226 silly reify   '/Users/yash/Desktop/Anshu VibecodeProject/perfume-shop/frontend/node_modules/@rolldown/binding-win32-x64-msvc'
226 silly reify ]
227 verbose reify failed optional dependency /Users/yash/Desktop/Anshu VibecodeProject/perfume-shop/frontend/node_modules/@rolldown/binding-win32-arm64-msvc
228 silly reify mark deleted [
228 silly reify   '/Users/yash/Desktop/Anshu VibecodeProject/perfume-shop/frontend/node_modules/@rolldown/binding-win32-arm64-msvc'
228 silly reify ]
229 verbose reify failed optional dependency /Users/yash/Desktop/Anshu VibecodeProject/perfume-shop/frontend/node_modules/@rolldown/binding-wasm32-wasi
230 silly reify mark deleted [
230 silly reify   '/Users/yash/Desktop/Anshu VibecodeProject/perfume-shop/frontend/node_modules/@rolldown/binding-wasm32-wasi'
230 silly reify ]
231 verbose reify failed optional dependency /Users/yash/Desktop/Anshu VibecodeProject/perfume-shop/frontend/node_modules/@emnapi/core
232 silly reify mark deleted [
232 silly reify   '/Users/yash/Desktop/Anshu VibecodeProject/perfume-shop/frontend/node_modules/@emnapi/core'
232 silly reify ]
233 verbose reify failed optional dependency /Users/yash/Desktop/Anshu VibecodeProject/perfume-shop/frontend/node_modules/@emnapi/runtime
234 silly reify mark deleted [
234 silly reify   '/Users/yash/Desktop/Anshu VibecodeProject/perfume-shop/frontend/node_modules/@emnapi/runtime'
234 silly reify ]
235 verbose reify failed optional dependency /Users/yash/Desktop/Anshu VibecodeProject/perfume-shop/frontend/node_modules/@napi-rs/wasm-runtime
236 silly reify mark deleted [
236 silly reify   '/Users/yash/Desktop/Anshu VibecodeProject/perfume-shop/frontend/node_modules/@napi-rs/wasm-runtime'
236 silly reify ]
237 verbose reify failed optional dependency /Users/yash/Desktop/Anshu VibecodeProject/perfume-shop/frontend/node_modules/@emnapi/wasi-threads
238 silly reify mark deleted [
238 silly reify   '/Users/yash/Desktop/Anshu VibecodeProject/perfume-shop/frontend/node_modules/@emnapi/wasi-threads'
238 silly reify ]
239 verbose reify failed optional dependency /Users/yash/Desktop/Anshu VibecodeProject/perfume-shop/frontend/node_modules/tslib
240 silly reify mark deleted [
240 silly reify   '/Users/yash/Desktop/Anshu VibecodeProject/perfume-shop/frontend/node_modules/tslib'
240 silly reify ]
241 verbose reify failed optional dependency /Users/yash/Desktop/Anshu VibecodeProject/perfume-shop/frontend/node_modules/@tybys/wasm-util
242 silly reify mark deleted [
242 silly reify   '/Users/yash/Desktop/Anshu VibecodeProject/perfume-shop/frontend/node_modules/@tybys/wasm-util'
242 silly reify ]
243 verbose reify failed optional dependency /Users/yash/Desktop/Anshu VibecodeProject/perfume-shop/frontend/node_modules/@rolldown/binding-openharmony-arm64
244 silly reify mark deleted [
244 silly reify   '/Users/yash/Desktop/Anshu VibecodeProject/perfume-shop/frontend/node_modules/@rolldown/binding-openharmony-arm64'
244 silly reify ]
245 verbose reify failed optional dependency /Users/yash/Desktop/Anshu VibecodeProject/perfume-shop/frontend/node_modules/@rolldown/binding-linux-x64-musl
246 silly reify mark deleted [
246 silly reify   '/Users/yash/Desktop/Anshu VibecodeProject/perfume-shop/frontend/node_modules/@rolldown/binding-linux-x64-musl'
246 silly reify ]
247 verbose reify failed optional dependency /Users/yash/Desktop/Anshu VibecodeProject/perfume-shop/frontend/node_modules/@rolldown/binding-linux-x64-gnu
248 silly reify mark deleted [
248 silly reify   '/Users/yash/Desktop/Anshu VibecodeProject/perfume-shop/frontend/node_modules/@rolldown/binding-linux-x64-gnu'
248 silly reify ]
249 verbose reify failed optional dependency /Users/yash/Desktop/Anshu VibecodeProject/perfume-shop/frontend/node_modules/@rolldown/binding-linux-s390x-gnu
250 silly reify mark deleted [
250 silly reify   '/Users/yash/Desktop/Anshu VibecodeProject/perfume-shop/frontend/node_modules/@rolldown/binding-linux-s390x-gnu'
250 silly reify ]
251 verbose reify failed optional dependency /Users/yash/Desktop/Anshu VibecodeProject/perfume-shop/frontend/node_modules/@rolldown/binding-linux-ppc64-gnu
252 silly reify mark deleted [
252 silly reify   '/Users/yash/Desktop/Anshu VibecodeProject/perfume-shop/frontend/node_modules/@rolldown/binding-linux-ppc64-gnu'
252 silly reify ]
253 verbose reify failed optional dependency /Users/yash/Desktop/Anshu VibecodeProject/perfume-shop/frontend/node_modules/@rolldown/binding-linux-arm64-musl
254 silly reify mark deleted [
254 silly reify   '/Users/yash/Desktop/Anshu VibecodeProject/perfume-shop/frontend/node_modules/@rolldown/binding-linux-arm64-musl'
254 silly reify ]
255 verbose reify failed optional dependency /Users/yash/Desktop/Anshu VibecodeProject/perfume-shop/frontend/node_modules/@rolldown/binding-linux-arm64-gnu
256 silly reify mark deleted [
256 silly reify   '/Users/yash/Desktop/Anshu VibecodeProject/perfume-shop/frontend/node_modules/@rolldown/binding-linux-arm64-gnu'
256 silly reify ]
257 verbose reify failed optional dependency /Users/yash/Desktop/Anshu VibecodeProject/perfume-shop/frontend/node_modules/@rolldown/binding-linux-arm-gnueabihf
258 silly reify mark deleted [
258 silly reify   '/Users/yash/Desktop/Anshu VibecodeProject/perfume-shop/frontend/node_modules/@rolldown/binding-linux-arm-gnueabihf'
258 silly reify ]
259 verbose reify failed optional dependency /Users/yash/Desktop/Anshu VibecodeProject/perfume-shop/frontend/node_modules/@rolldown/binding-freebsd-x64
260 silly reify mark deleted [
260 silly reify   '/Users/yash/Desktop/Anshu VibecodeProject/perfume-shop/frontend/node_modules/@rolldown/binding-freebsd-x64'
260 silly reify ]
261 verbose reify failed optional dependency /Users/yash/Desktop/Anshu VibecodeProject/perfume-shop/frontend/node_modules/@rolldown/binding-darwin-x64
262 silly reify mark deleted [
262 silly reify   '/Users/yash/Desktop/Anshu VibecodeProject/perfume-shop/frontend/node_modules/@rolldown/binding-darwin-x64'
262 silly reify ]
263 verbose reify failed optional dependency /Users/yash/Desktop/Anshu VibecodeProject/perfume-shop/frontend/node_modules/@rolldown/binding-android-arm64
264 silly reify mark deleted [
264 silly reify   '/Users/yash/Desktop/Anshu VibecodeProject/perfume-shop/frontend/node_modules/@rolldown/binding-android-arm64'
264 silly reify ]
265 http cache set-cookie-parser@https://registry.npmjs.org/set-cookie-parser/-/set-cookie-parser-2.7.2.tgz 0ms (cache hit)
266 http cache cookie@https://registry.npmjs.org/cookie/-/cookie-1.1.1.tgz 0ms (cache hit)
267 http cache react-router@https://registry.npmjs.org/react-router/-/react-router-7.14.1.tgz 0ms (cache hit)
268 http cache mime-db@https://registry.npmjs.org/mime-db/-/mime-db-1.52.0.tgz 0ms (cache hit)
269 http cache goober@https://registry.npmjs.org/goober/-/goober-2.1.18.tgz 0ms (cache hit)
270 http cache dunder-proto@https://registry.npmjs.org/dunder-proto/-/dunder-proto-1.0.1.tgz 0ms (cache hit)
271 http cache math-intrinsics@https://registry.npmjs.org/math-intrinsics/-/math-intrinsics-1.1.0.tgz 0ms (cache hit)
272 http cache has-symbols@https://registry.npmjs.org/has-symbols/-/has-symbols-1.1.0.tgz 0ms (cache hit)
273 http cache gopd@https://registry.npmjs.org/gopd/-/gopd-1.2.0.tgz 0ms (cache hit)
274 http cache get-proto@https://registry.npmjs.org/get-proto/-/get-proto-1.0.1.tgz 0ms (cache hit)
275 http cache function-bind@https://registry.npmjs.org/function-bind/-/function-bind-1.1.2.tgz 0ms (cache hit)
276 http cache es-object-atoms@https://registry.npmjs.org/es-object-atoms/-/es-object-atoms-1.1.1.tgz 0ms (cache hit)
277 http cache es-define-property@https://registry.npmjs.org/es-define-property/-/es-define-property-1.0.1.tgz 0ms (cache hit)
278 http cache call-bind-apply-helpers@https://registry.npmjs.org/call-bind-apply-helpers/-/call-bind-apply-helpers-1.0.2.tgz 0ms (cache hit)
279 http cache has-tostringtag@https://registry.npmjs.org/has-tostringtag/-/has-tostringtag-1.0.2.tgz 0ms (cache hit)
280 http cache es-errors@https://registry.npmjs.org/es-errors/-/es-errors-1.3.0.tgz 0ms (cache hit)
281 http cache delayed-stream@https://registry.npmjs.org/delayed-stream/-/delayed-stream-1.0.0.tgz 0ms (cache hit)
282 http cache mime-types@https://registry.npmjs.org/mime-types/-/mime-types-2.1.35.tgz 0ms (cache hit)
283 http cache hasown@https://registry.npmjs.org/hasown/-/hasown-2.0.2.tgz 0ms (cache hit)
284 http cache es-set-tostringtag@https://registry.npmjs.org/es-set-tostringtag/-/es-set-tostringtag-2.1.0.tgz 0ms (cache hit)
285 http cache asynckit@https://registry.npmjs.org/asynckit/-/asynckit-0.4.0.tgz 0ms (cache hit)
286 http cache get-intrinsic@https://registry.npmjs.org/get-intrinsic/-/get-intrinsic-1.3.0.tgz 0ms (cache hit)
287 http cache proxy-from-env@https://registry.npmjs.org/proxy-from-env/-/proxy-from-env-2.1.0.tgz 0ms (cache hit)
288 http cache form-data@https://registry.npmjs.org/form-data/-/form-data-4.0.5.tgz 0ms (cache hit)
289 http cache follow-redirects@https://registry.npmjs.org/follow-redirects/-/follow-redirects-1.16.0.tgz 0ms (cache hit)
290 http cache yet-another-react-lightbox@https://registry.npmjs.org/yet-another-react-lightbox/-/yet-another-react-lightbox-3.31.0.tgz 0ms (cache hit)
291 http cache react-router-dom@https://registry.npmjs.org/react-router-dom/-/react-router-dom-7.14.1.tgz 0ms (cache hit)
292 http cache react-hot-toast@https://registry.npmjs.org/react-hot-toast/-/react-hot-toast-2.6.0.tgz 0ms (cache hit)
293 http cache lucide-react@https://registry.npmjs.org/lucide-react/-/lucide-react-1.8.0.tgz 0ms (cache hit)
294 http cache axios@https://registry.npmjs.org/axios/-/axios-1.15.0.tgz 0ms (cache hit)
295 http cache fsevents@https://registry.npmjs.org/fsevents/-/fsevents-2.3.3.tgz 0ms (cache hit)
296 http cache tslib@https://registry.npmjs.org/tslib/-/tslib-2.8.1.tgz 0ms (cache hit)
297 http cache @tybys/wasm-util@https://registry.npmjs.org/@tybys/wasm-util/-/wasm-util-0.10.1.tgz 0ms (cache hit)
298 http cache @napi-rs/wasm-runtime@https://registry.npmjs.org/@napi-rs/wasm-runtime/-/wasm-runtime-1.1.3.tgz 0ms (cache hit)
299 http cache @emnapi/wasi-threads@https://registry.npmjs.org/@emnapi/wasi-threads/-/wasi-threads-1.2.1.tgz 0ms (cache hit)
300 http cache @emnapi/runtime@https://registry.npmjs.org/@emnapi/runtime/-/runtime-1.9.2.tgz 0ms (cache hit)
301 http cache @emnapi/core@https://registry.npmjs.org/@emnapi/core/-/core-1.9.2.tgz 0ms (cache hit)
302 http cache combined-stream@https://registry.npmjs.org/combined-stream/-/combined-stream-1.0.8.tgz 0ms (cache hit)
303 silly tarball no local data for set-cookie-parser@https://registry.npmjs.org/set-cookie-parser/-/set-cookie-parser-2.7.2.tgz. Extracting by manifest.
304 silly tarball no local data for cookie@https://registry.npmjs.org/cookie/-/cookie-1.1.1.tgz. Extracting by manifest.
305 silly tarball no local data for react-router@https://registry.npmjs.org/react-router/-/react-router-7.14.1.tgz. Extracting by manifest.
306 silly tarball no local data for mime-db@https://registry.npmjs.org/mime-db/-/mime-db-1.52.0.tgz. Extracting by manifest.
307 silly tarball no local data for goober@https://registry.npmjs.org/goober/-/goober-2.1.18.tgz. Extracting by manifest.
308 silly tarball no local data for has-tostringtag@https://registry.npmjs.org/has-tostringtag/-/has-tostringtag-1.0.2.tgz. Extracting by manifest.
309 silly tarball no local data for delayed-stream@https://registry.npmjs.org/delayed-stream/-/delayed-stream-1.0.0.tgz. Extracting by manifest.
310 silly tarball no local data for mime-types@https://registry.npmjs.org/mime-types/-/mime-types-2.1.35.tgz. Extracting by manifest.
311 silly tarball no local data for es-set-tostringtag@https://registry.npmjs.org/es-set-tostringtag/-/es-set-tostringtag-2.1.0.tgz. Extracting by manifest.
312 silly tarball no local data for asynckit@https://registry.npmjs.org/asynckit/-/asynckit-0.4.0.tgz. Extracting by manifest.
313 silly tarball no local data for proxy-from-env@https://registry.npmjs.org/proxy-from-env/-/proxy-from-env-2.1.0.tgz. Extracting by manifest.
314 silly tarball no local data for form-data@https://registry.npmjs.org/form-data/-/form-data-4.0.5.tgz. Extracting by manifest.
315 silly tarball no local data for follow-redirects@https://registry.npmjs.org/follow-redirects/-/follow-redirects-1.16.0.tgz. Extracting by manifest.
316 silly tarball no local data for yet-another-react-lightbox@https://registry.npmjs.org/yet-another-react-lightbox/-/yet-another-react-lightbox-3.31.0.tgz. Extracting by manifest.
317 silly tarball no local data for react-router-dom@https://registry.npmjs.org/react-router-dom/-/react-router-dom-7.14.1.tgz. Extracting by manifest.
318 silly tarball no local data for react-hot-toast@https://registry.npmjs.org/react-hot-toast/-/react-hot-toast-2.6.0.tgz. Extracting by manifest.
319 silly tarball no local data for lucide-react@https://registry.npmjs.org/lucide-react/-/lucide-react-1.8.0.tgz. Extracting by manifest.
320 silly tarball no local data for axios@https://registry.npmjs.org/axios/-/axios-1.15.0.tgz. Extracting by manifest.
321 silly tarball no local data for combined-stream@https://registry.npmjs.org/combined-stream/-/combined-stream-1.0.8.tgz. Extracting by manifest.
322 http fetch GET 200 https://registry.npmjs.org/mime-db/-/mime-db-1.52.0.tgz 37ms (cache miss)
323 http fetch GET 200 https://registry.npmjs.org/set-cookie-parser/-/set-cookie-parser-2.7.2.tgz 39ms (cache miss)
324 http fetch GET 200 https://registry.npmjs.org/cookie/-/cookie-1.1.1.tgz 45ms (cache miss)
325 http fetch GET 200 https://registry.npmjs.org/react-router-dom/-/react-router-dom-7.14.1.tgz 87ms (cache miss)
326 http fetch GET 200 https://registry.npmjs.org/react-hot-toast/-/react-hot-toast-2.6.0.tgz 147ms (cache miss)
327 http fetch GET 200 https://registry.npmjs.org/goober/-/goober-2.1.18.tgz 175ms (cache miss)
328 http fetch GET 200 https://registry.npmjs.org/yet-another-react-lightbox/-/yet-another-react-lightbox-3.31.0.tgz 176ms (cache miss)
329 http fetch GET 200 https://registry.npmjs.org/combined-stream/-/combined-stream-1.0.8.tgz 177ms (cache miss)
330 http fetch GET 200 https://registry.npmjs.org/react-router/-/react-router-7.14.1.tgz 189ms (cache miss)
331 http fetch POST 200 https://registry.npmjs.org/-/npm/v1/security/advisories/bulk 291ms
332 silly audit report {}
333 http fetch GET 200 https://registry.npmjs.org/form-data/-/form-data-4.0.5.tgz 287ms (cache miss)
334 http fetch GET 200 https://registry.npmjs.org/axios/-/axios-1.15.0.tgz 295ms (cache miss)
335 http fetch GET 200 https://registry.npmjs.org/proxy-from-env/-/proxy-from-env-2.1.0.tgz 333ms (cache miss)
336 http fetch GET 200 https://registry.npmjs.org/has-tostringtag/-/has-tostringtag-1.0.2.tgz 348ms (cache miss)
337 http fetch GET 200 https://registry.npmjs.org/delayed-stream/-/delayed-stream-1.0.0.tgz 348ms (cache miss)
338 http fetch GET 200 https://registry.npmjs.org/es-set-tostringtag/-/es-set-tostringtag-2.1.0.tgz 456ms (cache miss)
339 http fetch GET 200 https://registry.npmjs.org/lucide-react/-/lucide-react-1.8.0.tgz 467ms (cache miss)
340 http fetch GET 200 https://registry.npmjs.org/follow-redirects/-/follow-redirects-1.16.0.tgz 545ms (cache miss)
341 http fetch GET 200 https://registry.npmjs.org/mime-types/-/mime-types-2.1.35.tgz 550ms (cache miss)
342 http fetch GET 200 https://registry.npmjs.org/asynckit/-/asynckit-0.4.0.tgz 605ms (cache miss)
343 silly ADD node_modules/set-cookie-parser
344 silly ADD node_modules/cookie
345 silly ADD node_modules/react-router
346 silly ADD node_modules/goober
347 silly ADD node_modules/mime-db
348 silly ADD node_modules/dunder-proto
349 silly ADD node_modules/math-intrinsics
350 silly ADD node_modules/has-symbols
351 silly ADD node_modules/gopd
352 silly ADD node_modules/get-proto
353 silly ADD node_modules/function-bind
354 silly ADD node_modules/es-object-atoms
355 silly ADD node_modules/es-define-property
356 silly ADD node_modules/call-bind-apply-helpers
357 silly ADD node_modules/has-tostringtag
358 silly ADD node_modules/get-intrinsic
359 silly ADD node_modules/es-errors
360 silly ADD node_modules/delayed-stream
361 silly ADD node_modules/mime-types
362 silly ADD node_modules/hasown
363 silly ADD node_modules/es-set-tostringtag
364 silly ADD node_modules/combined-stream
365 silly ADD node_modules/asynckit
366 silly ADD node_modules/proxy-from-env
367 silly ADD node_modules/form-data
368 silly ADD node_modules/follow-redirects
369 silly ADD node_modules/yet-another-react-lightbox
370 silly ADD node_modules/react-router-dom
371 silly ADD node_modules/react-hot-toast
372 silly ADD node_modules/lucide-react
373 silly ADD node_modules/axios
374 silly ADD
375 silly ADD
376 silly ADD
377 silly ADD
378 silly ADD
379 silly ADD
380 silly ADD
381 silly ADD
382 silly ADD
383 silly ADD
384 silly ADD
385 silly ADD node_modules/fsevents
386 silly ADD
387 silly ADD
388 silly ADD
389 silly ADD
390 silly ADD
391 silly ADD
392 silly ADD
393 silly ADD
394 silly ADD
395 silly ADD
396 silly ADD
397 silly ADD
398 silly ADD
399 silly ADD
400 silly ADD
401 silly ADD
402 silly ADD
403 silly ADD
404 silly ADD
405 verbose cwd /Users/yash/Desktop/Anshu VibecodeProject/perfume-shop/frontend
406 verbose os Darwin 25.3.0
407 verbose node v22.16.0
408 verbose npm  v10.9.2
409 verbose exit 0
410 info ok
